2019-03-07 16:34:51,829 - BasePage - INFO - 已成功被点击
2019-03-07 16:34:55,766 - BasePage - INFO - 已成功被点击
2019-03-07 16:34:59,185 - BasePage - INFO - 已成功被点击
2019-03-07 16:35:08,878 - BasePage - INFO - nyx被输入
2019-03-07 16:35:17,396 - BasePage - INFO - 3032988695@qq.com被输入
2019-03-07 16:35:26,592 - BasePage - INFO - 123456nyx被输入
2019-03-07 16:35:28,019 - BasePage - INFO - 已成功被点击
2019-03-07 16:35:28,683 - BasePage - INFO - 截图保存到 /screenshots
2019-03-07 16:35:40,206 - PlatformEngine - INFO - 关闭程序
2019-03-07 16:36:10,628 - BasePage - INFO - 已成功被点击
2019-03-07 16:36:14,363 - BasePage - INFO - 已成功被点击
2019-03-07 16:36:27,735 - BasePage - INFO - 3032988695@qq.com被输入
2019-03-07 16:36:37,089 - BasePage - INFO - 123456nyx被输入
2019-03-07 16:36:38,582 - BasePage - INFO - 已成功被点击
2019-03-07 16:36:39,856 - BasePage - INFO - 截图保存到 /screenshots
2019-03-07 16:36:44,272 - PlatformEngine - INFO - 关闭程序
2019-03-07 16:37:15,125 - BasePage - INFO - 已成功被点击
2019-03-07 16:37:17,656 - BasePage - INFO - 已成功被点击
2019-03-07 16:37:20,695 - BasePage - INFO - 已成功被点击
2019-03-07 16:37:25,777 - BasePage - INFO - 已成功被点击
2019-03-07 16:37:33,227 - BasePage - INFO - 1234被输入
2019-03-07 16:37:37,144 - BasePage - INFO - 已成功被点击
2019-03-07 16:37:37,923 - BasePage - INFO - 截图保存到 /screenshots
2019-03-07 16:37:49,457 - PlatformEngine - INFO - 关闭程序
2019-03-07 16:38:20,675 - BasePage - INFO - 已成功被点击
2019-03-07 16:38:25,470 - BasePage - INFO - 已成功被点击
2019-03-07 16:38:36,446 - BasePage - INFO - axcv被输入
2019-03-07 16:38:38,482 - BasePage - INFO - 已成功被点击
2019-03-07 16:38:39,154 - BasePage - INFO - 截图保存到 /screenshots
2019-03-07 16:38:45,076 - BasePage - INFO - 已成功被点击
2019-03-07 16:38:48,466 - BasePage - INFO - 已成功被点击
2019-03-07 16:38:51,719 - BasePage - INFO - 已成功被点击
2019-03-07 16:39:00,265 - BasePage - INFO - mjng被输入
2019-03-07 16:39:02,444 - BasePage - INFO - 已成功被点击
2019-03-07 16:39:03,230 - BasePage - INFO - 截图保存到 /screenshots
2019-03-07 16:39:07,837 - PlatformEngine - INFO - 关闭程序
2019-03-07 16:39:32,329 - BasePage - INFO - 已成功被点击
2019-03-07 16:39:38,022 - BasePage - INFO - 已成功被点击
2019-03-07 16:39:56,611 - BasePage - INFO - sou被输入
2019-03-07 16:39:57,729 - BasePage - INFO - 截图保存到 /screenshots
2019-03-07 16:40:00,282 - BasePage - INFO - 你已经成功获取到文本：sou
2019-03-07 16:40:00,608 - BasePage - INFO - 你已经成功获取到文本：sou
2019-03-07 16:40:00,984 - BasePage - INFO - 你已经成功获取到文本：sou
2019-03-07 16:40:13,130 - PlatformEngine - INFO - 关闭程序
2019-03-07 16:40:42,761 - BasePage - INFO - 截图保存到 /screenshots
2019-03-07 16:40:43,904 - BasePage - INFO - 已成功被点击
2019-03-07 16:40:55,674 - BasePage - INFO - 已成功被点击
2019-03-07 16:41:01,316 - BasePage - INFO - 成功被点击
2019-03-07 16:41:12,857 - BasePage - INFO - 已成功被点击
2019-03-07 16:41:13,848 - BasePage - INFO - 截图保存到 /screenshots
2019-03-07 16:41:16,743 - PlatformEngine - INFO - 关闭程序
2019-03-07 16:41:59,949 - BasePage - INFO - 已成功被点击
2019-03-07 16:42:09,471 - BasePage - INFO - 已成功被点击
2019-03-07 16:42:10,015 - BasePage - INFO - 截图保存到 /screenshots
2019-03-07 16:42:17,125 - PlatformEngine - INFO - 关闭程序
2019-03-07 16:42:47,650 - BasePage - INFO - 已成功被点击
2019-03-07 16:42:48,267 - BasePage - INFO - 截图保存到 /screenshots
2019-03-07 16:42:53,136 - BasePage - INFO - 已成功被点击
2019-03-07 16:43:00,588 - BasePage - INFO - 成功被点击
2019-03-07 16:43:03,436 - BasePage - INFO - 已成功被点击
2019-03-07 16:43:04,006 - BasePage - INFO - 截图保存到 /screenshots
2019-03-07 16:43:06,033 - BasePage - INFO - 已成功被点击
2019-03-07 16:43:09,759 - PlatformEngine - INFO - 关闭程序
